<?xml version="1.0" encoding="UTF-8"?>
<testsuite name="ru.netology.service.CashbackHackServiceTest" tests="1" skipped="0" failures="0" errors="0" timestamp="2023-02-05T15:32:54" hostname="WIN-HHLC803HQP9" time="0.018">
  <properties/>
  <testcase name="testRemain999" classname="ru.netology.service.CashbackHackServiceTest" time="0.018"/>
  <system-out><![CDATA[]]></system-out>
  <system-err><![CDATA[]]></system-err>
</testsuite>
